2024-05-17 02:23:12.903  INFO 53983 --- [main] c.e.rjany.SpringEmbeddedH2DbApplication  : Starting SpringEmbeddedH2DbApplication using Java 17.0.11 on himanshu.local with PID 53983 (/Users/vikas/Documents/logstash_project/target/classes started by vikas in /Users/vikas/Documents/logstash_project)
2024-05-17 02:23:12.903  INFO 53983 --- [main] c.e.rjany.SpringEmbeddedH2DbApplication  : No active profile set, falling back to default profiles: default
2024-05-17 02:23:13.192  INFO 53983 --- [main] .s.d.r.c.RepositoryConfigurationDelegate : Bootstrapping Spring Data JPA repositories in DEFAULT mode.
2024-05-17 02:23:13.212  INFO 53983 --- [main] .s.d.r.c.RepositoryConfigurationDelegate : Finished Spring Data repository scanning in 16 ms. Found 1 JPA repository interfaces.
2024-05-17 02:23:13.503  INFO 53983 --- [main] o.s.b.w.embedded.tomcat.TomcatWebServer  : Tomcat initialized with port(s): 8080 (http)
2024-05-17 02:23:13.508  INFO 53983 --- [main] o.apache.catalina.core.StandardService   : Starting service [Tomcat]
2024-05-17 02:23:13.508  INFO 53983 --- [main] org.apache.catalina.core.StandardEngine  : Starting Servlet engine: [Apache Tomcat/9.0.48]
2024-05-17 02:23:13.552  INFO 53983 --- [main] o.a.c.c.C.[Tomcat].[localhost].[/]       : Initializing Spring embedded WebApplicationContext
2024-05-17 02:23:13.552  INFO 53983 --- [main] w.s.c.ServletWebServerApplicationContext : Root WebApplicationContext: initialization completed in 627 ms
2024-05-17 02:23:13.576  INFO 53983 --- [main] com.zaxxer.hikari.HikariDataSource       : HikariPool-1 - Starting...
2024-05-17 02:23:13.674  INFO 53983 --- [main] com.zaxxer.hikari.HikariDataSource       : HikariPool-1 - Start completed.
2024-05-17 02:23:13.682  INFO 53983 --- [main] o.s.b.a.h2.H2ConsoleAutoConfiguration    : H2 console available at '/h2-console'. Database available at 'jdbc:h2:mem:rjanytest'
2024-05-17 02:23:13.750  INFO 53983 --- [main] o.hibernate.jpa.internal.util.LogHelper  : HHH000204: Processing PersistenceUnitInfo [name: default]
2024-05-17 02:23:13.777  INFO 53983 --- [main] org.hibernate.Version                    : HHH000412: Hibernate ORM core version 5.4.32.Final
2024-05-17 02:23:13.842  INFO 53983 --- [main] o.hibernate.annotations.common.Version   : HCANN000001: Hibernate Commons Annotations {5.1.2.Final}
2024-05-17 02:23:13.888  INFO 53983 --- [main] org.hibernate.dialect.Dialect            : HHH000400: Using dialect: org.hibernate.dialect.H2Dialect
2024-05-17 02:23:14.198  INFO 53983 --- [main] o.h.e.t.j.p.i.JtaPlatformInitiator       : HHH000490: Using JtaPlatform implementation: [org.hibernate.engine.transaction.jta.platform.internal.NoJtaPlatform]
2024-05-17 02:23:14.203  INFO 53983 --- [main] j.LocalContainerEntityManagerFactoryBean : Initialized JPA EntityManagerFactory for persistence unit 'default'
2024-05-17 02:23:14.338  WARN 53983 --- [main] JpaBaseConfiguration$JpaWebConfiguration : spring.jpa.open-in-view is enabled by default. Therefore, database queries may be performed during view rendering. Explicitly configure spring.jpa.open-in-view to disable this warning
2024-05-17 02:23:14.507  INFO 53983 --- [main] o.s.b.w.embedded.tomcat.TomcatWebServer  : Tomcat started on port(s): 8080 (http) with context path ''
2024-05-17 02:23:14.512  INFO 53983 --- [main] c.e.rjany.SpringEmbeddedH2DbApplication  : Started SpringEmbeddedH2DbApplication in 1.923 seconds (JVM running for 2.219)
2024-05-17 02:23:43.641  INFO 53983 --- [http-nio-8080-exec-1] o.a.c.c.C.[Tomcat].[localhost].[/]       : Initializing Spring DispatcherServlet 'dispatcherServlet'
2024-05-17 02:23:43.642  INFO 53983 --- [http-nio-8080-exec-1] o.s.web.servlet.DispatcherServlet        : Initializing Servlet 'dispatcherServlet'
2024-05-17 02:23:43.656  INFO 53983 --- [http-nio-8080-exec-1] o.s.web.servlet.DispatcherServlet        : Completed initialization in 14 ms
2024-05-17 02:23:43.748 DEBUG 53983 --- [http-nio-8080-exec-1] c.e.rjany.controller.StudentController   : saved student record : Student(id=2, name=ram, age=15, email=ram@mail.com)
2024-05-17 02:23:47.241 DEBUG 53983 --- [http-nio-8080-exec-3] c.e.rjany.controller.StudentController   : get student record successfully Student(id=2, name=ram, age=15, email=ram@mail.com)
2024-05-17 02:25:36.861 DEBUG 53983 --- [http-nio-8080-exec-6] c.e.rjany.controller.StudentController   : get student record successfully Student(id=2, name=ram, age=15, email=ram@mail.com)
2024-05-17 02:26:25.652 DEBUG 53983 --- [http-nio-8080-exec-7] c.e.rjany.controller.StudentController   : get student record successfully Student(id=2, name=ram, age=15, email=ram@mail.com)
2024-05-17 02:26:29.538 DEBUG 53983 --- [http-nio-8080-exec-8] c.e.rjany.controller.StudentController   : saved student record : Student(id=2, name=ram, age=15, email=ram@mail.com)
